<?xml version="1.0" encoding="UTF-8" ?>
<testsuite tests="3" failures="0" name="cucumber.Options.TestRunner" time="5.844" errors="0" skipped="0">
  <properties>
[...]
</properties>
  <testcase classname="Validating Place API&apos;s" name="Verify if place is being succefully added using AddPlaceAPI #1" time="3.073"/>
  <testcase classname="Validating Place API&apos;s" name="Verify if place is being succefully added using AddPlaceAPI #2" time="1.827"/>
  <testcase classname="Validating Place API&apos;s" name="verify id Delete place functionality is working" time="0.944"/>
</testsuite>